<?xml version="1.0" encoding="UTF-8"?>
<!-- Generated by org.testng.reporters.JUnitReportReporter -->
<testsuite skipped="0" hostname="IXDM7J5B3" name="com.api.test.APITesting.HotelGet" tests="1" failures="0" timestamp="2022-05-30T10:11:28 IST" time="2.757" errors="0">
  <testcase name="test_01" time="2.757" classname="com.api.test.APITesting.HotelGet"/>
  <system-out/>
</testsuite> <!-- com.api.test.APITesting.HotelGet -->
