<?xml version="1.0" encoding="UTF-8"?>
<!-- Generated by org.testng.reporters.JUnitReportReporter -->
<testsuite skipped="0" hostname="IXDM7J5B3" name="com.api.test.APITesting.ReqResPostPut" tests="1" failures="0" timestamp="2022-05-30T10:49:03 IST" time="1.971" errors="0">
  <testcase name="test_04" time="1.971" classname="com.api.test.APITesting.ReqResPostPut"/>
  <system-out/>
</testsuite> <!-- com.api.test.APITesting.ReqResPostPut -->
